c:\users\eddyi\source\repos\guicpp\guicpp\x64\debug\vc142.pdb
c:\users\eddyi\source\repos\guicpp\guicpp\x64\debug\moc_guicpp.obj
c:\users\eddyi\source\repos\guicpp\guicpp\x64\debug\main.obj
c:\users\eddyi\source\repos\guicpp\guicpp\x64\debug\guicpp.obj
c:\users\eddyi\source\repos\guicpp\guicpp\x64\debug\redditpost.obj
c:\users\eddyi\source\repos\guicpp\guicpp\x64\debug\post.obj
c:\users\eddyi\source\repos\guicpp\guicpp\x64\debug\twitterpost.obj
c:\users\eddyi\source\repos\guicpp\guicpp\x64\debug\qrc_guicpp.obj
c:\users\eddyi\source\repos\guicpp\guicpp\x64\debug\uic\ui_guicpp.h
c:\users\eddyi\source\repos\guicpp\guicpp\x64\debug\rcc\qrc_guicpp.cpp
c:\users\eddyi\source\repos\guicpp\guicpp\x64\debug\moc\moc_guicpp.cpp
c:\users\eddyi\source\repos\guicpp\guicpp\x64\debug\vcpkg.applocal.log
c:\users\eddyi\source\repos\guicpp\x64\debug\cpprest_2_10d.dll
c:\users\eddyi\source\repos\guicpp\x64\debug\libcurl-d.dll
c:\users\eddyi\source\repos\guicpp\x64\debug\zlibd1.dll
c:\users\eddyi\source\repos\guicpp\x64\debug\guicpp.exe
c:\users\eddyi\source\repos\guicpp\x64\debug\guicpp.ilk
c:\users\eddyi\source\repos\guicpp\x64\debug\guicpp.pdb
c:\users\eddyi\source\repos\guicpp\guicpp\x64\debug\\moc\moc_guicpp.cpp
c:\users\eddyi\source\repos\guicpp\guicpp\x64\debug\\rcc\qrc_guicpp.cpp
c:\users\eddyi\source\repos\guicpp\guicpp\x64\debug\\uic\ui_guicpp.h
c:\users\eddyi\source\repos\guicpp\guicpp\x64\debug\guicpp.tlog\cl.command.1.tlog
c:\users\eddyi\source\repos\guicpp\guicpp\x64\debug\guicpp.tlog\cl.read.1.tlog
c:\users\eddyi\source\repos\guicpp\guicpp\x64\debug\guicpp.tlog\cl.write.1.tlog
c:\users\eddyi\source\repos\guicpp\guicpp\x64\debug\guicpp.tlog\guicpp.write.1u.tlog
c:\users\eddyi\source\repos\guicpp\guicpp\x64\debug\guicpp.tlog\link.command.1.tlog
c:\users\eddyi\source\repos\guicpp\guicpp\x64\debug\guicpp.tlog\link.read.1.tlog
c:\users\eddyi\source\repos\guicpp\guicpp\x64\debug\guicpp.tlog\link.write.1.tlog
c:\users\eddyi\source\repos\guicpp\guicpp\x64\debug\guicpp.tlog\moc.read.1u.tlog
c:\users\eddyi\source\repos\guicpp\guicpp\x64\debug\guicpp.tlog\moc.write.1u.tlog
c:\users\eddyi\source\repos\guicpp\guicpp\x64\debug\guicpp.tlog\rcc.read.1u.tlog
c:\users\eddyi\source\repos\guicpp\guicpp\x64\debug\guicpp.tlog\rcc.write.1u.tlog
c:\users\eddyi\source\repos\guicpp\guicpp\x64\debug\guicpp.tlog\uic.read.1u.tlog
c:\users\eddyi\source\repos\guicpp\guicpp\x64\debug\guicpp.tlog\uic.write.1u.tlog
